Arguments: 
  /Users/jesusvega/.nvm/versions/node/v8.16.1/bin/node /usr/local/Cellar/yarn/1.17.0/libexec/bin/yarn.js add @proplugins/nativescript-localstorage

PATH: 
  /Users/jesusvega/.nvm/versions/node/v8.16.1/bin:/Library/Frameworks/Python.framework/Versions/3.7/bin:/Users/jesusvega/Library/Android/sdk/tools:/Users/jesusvega/Library/Android/sdk/platform-tools:/usr/local/bin:/usr/bin:/bin:/usr/sbin:/sbin:/usr/local/go/bin:/usr/local/share/dotnet:~/.dotnet/tools:/Library/Frameworks/Mono.framework/Versions/Current/Commands:/usr/local/Cellar/rabbitmq/3.7.16/sbin/:/Users/jesusvega/go/bin

Yarn version: 
  1.17.0

Node version: 
  8.16.1

Platform: 
  darwin x64

Trace: 
  Error: https://registry.yarnpkg.com/@proplugins%2fnativescript-localstorage: Not found
      at Request.params.callback [as _callback] (/usr/local/Cellar/yarn/1.17.0/libexec/lib/cli.js:66823:18)
      at Request.self.callback (/usr/local/Cellar/yarn/1.17.0/libexec/lib/cli.js:140439:22)
      at emitTwo (events.js:126:13)
      at Request.emit (events.js:214:7)
      at Request.<anonymous> (/usr/local/Cellar/yarn/1.17.0/libexec/lib/cli.js:141411:10)
      at emitOne (events.js:116:13)
      at Request.emit (events.js:211:7)
      at IncomingMessage.<anonymous> (/usr/local/Cellar/yarn/1.17.0/libexec/lib/cli.js:141333:12)
      at Object.onceWrapper (events.js:313:30)
      at emitNone (events.js:111:20)

npm manifest: 
  {
      "description": "NativeScript Application",
      "license": "SEE LICENSE IN <your-license-filename>",
      "readme": "NativeScript Application",
      "repository": "<fill-your-repository-here>",
      "nativescript": {
          "id": "org.nativescript.blankng",
          "tns-ios": {
              "version": "6.1.0"
          },
          "tns-android": {
              "version": "6.1.2"
          }
      },
      "dependencies": {
          "@angular/animations": "8.0.3",
          "@angular/common": "8.0.3",
          "@angular/compiler": "8.0.3",
          "@angular/core": "8.0.3",
          "@angular/forms": "8.0.3",
          "@angular/http": "~8.0.0-beta.10",
          "@angular/platform-browser": "8.0.3",
          "@angular/platform-browser-dynamic": "8.0.3",
          "@angular/router": "8.0.3",
          "@ngrx/effects": "^8.1.0",
          "@ngrx/store": "^8.1.0",
          "@nstudio/nativescript-checkbox": "^1.0.0",
          "@progress-nativechat/nativescript-nativechat": "2.0.4",
          "kinvey-nativescript-sdk": "4.2.1",
          "moment": "^2.24.0",
          "nativescript-accelerometer": "2.0.1",
          "nativescript-angular": "8.0.2",
          "nativescript-background-http": "3.4.0",
          "nativescript-camera": "^4.5.0",
          "nativescript-geolocation": "5.1.0",
          "nativescript-image": "2.1.4",
          "nativescript-imagepicker": "6.2.0",
          "nativescript-intl": "3.0.0",
          "nativescript-iqkeyboardmanager": "1.5.1",
          "nativescript-photo-editor": "^1.1.0",
          "nativescript-social-share": "1.5.2",
          "nativescript-theme-core": "1.0.6",
          "nativescript-ui-autocomplete": "5.0.0",
          "nativescript-ui-calendar": "5.0.0",
          "nativescript-ui-chart": "5.0.0",
          "nativescript-ui-dataform": "5.0.0",
          "nativescript-ui-gauge": "5.0.0",
          "nativescript-ui-listview": "7.0.0",
          "nativescript-ui-sidedrawer": "7.0.0",
          "ngrx-store-localstorage": "^8.0.0",
          "reflect-metadata": "0.1.13",
          "rxjs": "6.5.2",
          "rxjs-compat": "6.5.2",
          "tns-core-modules": "~6.1.0",
          "zone.js": "0.9.1"
      },
      "devDependencies": {
          "@angular/compiler-cli": "8.0.3",
          "@ngtools/webpack": "8.0.6",
          "nativescript-dev-webpack": "~1.2.0",
          "tns-platform-declarations": "6.0.1",
          "typescript": "3.4.5"
      }
  }

yarn manifest: 
  No manifest

Lockfile: 
  No lockfile
